{"c:\\Users\\Marcos\\work\\github\\xcomponent\\Examples\\xc.chat\\webapp\\src\\actions.ts": {"path":"c:\\Users\\Marcos\\work\\github\\xcomponent\\Examples\\xc.chat\\webapp\\src\\actions.ts","statementMap":{"0":{"start":{"line":1,"column":13},"end":{"line":1,"column":42}},"1":{"start":{"line":1,"column":42},"end":{"line":1,"column":55}},"2":{"start":{"line":3,"column":4},"end":{"line":3,"column":71}},"3":{"start":{"line":3,"column":21},"end":{"line":3,"column":71}},"4":{"start":{"line":3,"column":53},"end":{"line":3,"column":71}},"5":{"start":{"line":5,"column":0},"end":{"line":5,"column":62}},"6":{"start":{"line":6,"column":0},"end":{"line":6,"column":35}},"7":{"start":{"line":7,"column":0},"end":{"line":7,"column":40}},"8":{"start":{"line":8,"column":0},"end":{"line":8,"column":35}}},"fnMap":{"0":{"name":"__export","decl":{"start":{"line":2,"column":9},"end":{"line":2,"column":17}},"loc":{"start":{"line":2,"column":21},"end":{"line":4,"column":1}},"line":2}},"branchMap":{"0":{"loc":{"start":{"line":3,"column":21},"end":{"line":3,"column":71}},"type":"if","locations":[{"start":{"line":3,"column":21},"end":{"line":3,"column":71}},{"start":{"line":3,"column":21},"end":{"line":3,"column":71}}],"line":3}},"s":{"0":0,"1":0,"2":0,"3":0,"4":0,"5":0,"6":0,"7":0,"8":0},"f":{"0":0},"b":{"0":[0,0]}}
,"c:\\Users\\Marcos\\work\\github\\xcomponent\\Examples\\xc.chat\\webapp\\src\\communication.ts": {"path":"c:\\Users\\Marcos\\work\\github\\xcomponent\\Examples\\xc.chat\\webapp\\src\\communication.ts","statementMap":{"0":{"start":{"line":1,"column":13},"end":{"line":1,"column":42}},"1":{"start":{"line":1,"column":42},"end":{"line":1,"column":55}},"2":{"start":{"line":2,"column":0},"end":{"line":2,"column":62}},"3":{"start":{"line":3,"column":19},"end":{"line":3,"column":40}},"4":{"start":{"line":4,"column":16},"end":{"line":4,"column":34}},"5":{"start":{"line":5,"column":0},"end":{"line":35,"column":2}},"6":{"start":{"line":6,"column":4},"end":{"line":34,"column":7}},"7":{"start":{"line":7,"column":32},"end":{"line":7,"column":45}},"8":{"start":{"line":8,"column":39},"end":{"line":8,"column":49}},"9":{"start":{"line":9,"column":42},"end":{"line":9,"column":60}},"10":{"start":{"line":10,"column":25},"end":{"line":10,"column":51}},"11":{"start":{"line":11,"column":8},"end":{"line":17,"column":11}},"12":{"start":{"line":12,"column":12},"end":{"line":16,"column":15}},"13":{"start":{"line":13,"column":16},"end":{"line":15,"column":17}},"14":{"start":{"line":14,"column":20},"end":{"line":14,"column":106}},"15":{"start":{"line":18,"column":43},"end":{"line":21,"column":10}},"16":{"start":{"line":20,"column":12},"end":{"line":20,"column":163}},"17":{"start":{"line":22,"column":35},"end":{"line":30,"column":10}},"18":{"start":{"line":24,"column":12},"end":{"line":29,"column":13}},"19":{"start":{"line":25,"column":16},"end":{"line":25,"column":102}},"20":{"start":{"line":28,"column":16},"end":{"line":28,"column":79}},"21":{"start":{"line":33,"column":8},"end":{"line":33,"column":27}},"22":{"start":{"line":36,"column":0},"end":{"line":47,"column":2}},"23":{"start":{"line":37,"column":4},"end":{"line":46,"column":7}},"24":{"start":{"line":38,"column":26},"end":{"line":38,"column":63}},"25":{"start":{"line":39,"column":26},"end":{"line":39,"column":73}},"26":{"start":{"line":40,"column":25},"end":{"line":40,"column":30}},"27":{"start":{"line":41,"column":24},"end":{"line":41,"column":49}},"28":{"start":{"line":42,"column":8},"end":{"line":42,"column":102}},"29":{"start":{"line":45,"column":8},"end":{"line":45,"column":27}},"30":{"start":{"line":48,"column":0},"end":{"line":59,"column":2}},"31":{"start":{"line":49,"column":4},"end":{"line":58,"column":7}},"32":{"start":{"line":50,"column":26},"end":{"line":50,"column":46}},"33":{"start":{"line":51,"column":26},"end":{"line":51,"column":76}},"34":{"start":{"line":52,"column":25},"end":{"line":52,"column":30}},"35":{"start":{"line":53,"column":24},"end":{"line":53,"column":49}},"36":{"start":{"line":54,"column":8},"end":{"line":54,"column":97}},"37":{"start":{"line":57,"column":8},"end":{"line":57,"column":27}},"38":{"start":{"line":60,"column":0},"end":{"line":71,"column":2}},"39":{"start":{"line":61,"column":4},"end":{"line":70,"column":7}},"40":{"start":{"line":62,"column":26},"end":{"line":62,"column":28}},"41":{"start":{"line":63,"column":26},"end":{"line":63,"column":71}},"42":{"start":{"line":64,"column":25},"end":{"line":64,"column":30}},"43":{"start":{"line":65,"column":24},"end":{"line":65,"column":49}},"44":{"start":{"line":66,"column":8},"end":{"line":66,"column":102}},"45":{"start":{"line":69,"column":8},"end":{"line":69,"column":27}}},"fnMap":{"0":{"name":"(anonymous_0)","decl":{"start":{"line":5,"column":24},"end":{"line":5,"column":25}},"loc":{"start":{"line":5,"column":56},"end":{"line":35,"column":1}},"line":5},"1":{"name":"(anonymous_1)","decl":{"start":{"line":6,"column":49},"end":{"line":6,"column":50}},"loc":{"start":{"line":6,"column":68},"end":{"line":31,"column":5}},"line":6},"2":{"name":"(anonymous_2)","decl":{"start":{"line":11,"column":76},"end":{"line":11,"column":77}},"loc":{"start":{"line":11,"column":93},"end":{"line":17,"column":9}},"line":11},"3":{"name":"(anonymous_3)","decl":{"start":{"line":12,"column":26},"end":{"line":12,"column":27}},"loc":{"start":{"line":12,"column":46},"end":{"line":16,"column":13}},"line":12},"4":{"name":"(anonymous_4)","decl":{"start":{"line":19,"column":23},"end":{"line":19,"column":24}},"loc":{"start":{"line":19,"column":43},"end":{"line":21,"column":9}},"line":19},"5":{"name":"(anonymous_5)","decl":{"start":{"line":23,"column":23},"end":{"line":23,"column":24}},"loc":{"start":{"line":23,"column":43},"end":{"line":30,"column":9}},"line":23},"6":{"name":"(anonymous_6)","decl":{"start":{"line":32,"column":15},"end":{"line":32,"column":16}},"loc":{"start":{"line":32,"column":32},"end":{"line":34,"column":5}},"line":32},"7":{"name":"(anonymous_7)","decl":{"start":{"line":36,"column":22},"end":{"line":36,"column":23}},"loc":{"start":{"line":36,"column":65},"end":{"line":47,"column":1}},"line":36},"8":{"name":"(anonymous_8)","decl":{"start":{"line":37,"column":49},"end":{"line":37,"column":50}},"loc":{"start":{"line":37,"column":68},"end":{"line":43,"column":5}},"line":37},"9":{"name":"(anonymous_9)","decl":{"start":{"line":44,"column":15},"end":{"line":44,"column":16}},"loc":{"start":{"line":44,"column":32},"end":{"line":46,"column":5}},"line":44},"10":{"name":"(anonymous_10)","decl":{"start":{"line":48,"column":21},"end":{"line":48,"column":22}},"loc":{"start":{"line":48,"column":53},"end":{"line":59,"column":1}},"line":48},"11":{"name":"(anonymous_11)","decl":{"start":{"line":49,"column":49},"end":{"line":49,"column":50}},"loc":{"start":{"line":49,"column":68},"end":{"line":55,"column":5}},"line":49},"12":{"name":"(anonymous_12)","decl":{"start":{"line":56,"column":15},"end":{"line":56,"column":16}},"loc":{"start":{"line":56,"column":32},"end":{"line":58,"column":5}},"line":56},"13":{"name":"(anonymous_13)","decl":{"start":{"line":60,"column":20},"end":{"line":60,"column":21}},"loc":{"start":{"line":60,"column":48},"end":{"line":71,"column":1}},"line":60},"14":{"name":"(anonymous_14)","decl":{"start":{"line":61,"column":49},"end":{"line":61,"column":50}},"loc":{"start":{"line":61,"column":68},"end":{"line":67,"column":5}},"line":61},"15":{"name":"(anonymous_15)","decl":{"start":{"line":68,"column":15},"end":{"line":68,"column":16}},"loc":{"start":{"line":68,"column":32},"end":{"line":70,"column":5}},"line":68}},"branchMap":{"0":{"loc":{"start":{"line":13,"column":16},"end":{"line":15,"column":17}},"type":"if","locations":[{"start":{"line":13,"column":16},"end":{"line":15,"column":17}},{"start":{"line":13,"column":16},"end":{"line":15,"column":17}}],"line":13},"1":{"loc":{"start":{"line":24,"column":12},"end":{"line":29,"column":13}},"type":"if","locations":[{"start":{"line":24,"column":12},"end":{"line":29,"column":13}},{"start":{"line":24,"column":12},"end":{"line":29,"column":13}}],"line":24}},"s":{"0":0,"1":0,"2":0,"3":0,"4":0,"5":0,"6":0,"7":0,"8":0,"9":0,"10":0,"11":0,"12":0,"13":0,"14":0,"15":0,"16":0,"17":0,"18":0,"19":0,"20":0,"21":0,"22":0,"23":0,"24":0,"25":0,"26":0,"27":0,"28":0,"29":0,"30":0,"31":0,"32":0,"33":0,"34":0,"35":0,"36":0,"37":0,"38":0,"39":0,"40":0,"41":0,"42":0,"43":0,"44":0,"45":0},"f":{"0":0,"1":0,"2":0,"3":0,"4":0,"5":0,"6":0,"7":0,"8":0,"9":0,"10":0,"11":0,"12":0,"13":0,"14":0,"15":0},"b":{"0":[0,0],"1":[0,0]}}
,"c:\\Users\\Marcos\\work\\github\\xcomponent\\Examples\\xc.chat\\webapp\\src\\routes.ts": {"path":"c:\\Users\\Marcos\\work\\github\\xcomponent\\Examples\\xc.chat\\webapp\\src\\routes.ts","statementMap":{"0":{"start":{"line":1,"column":13},"end":{"line":1,"column":42}},"1":{"start":{"line":1,"column":42},"end":{"line":1,"column":55}},"2":{"start":{"line":2,"column":0},"end":{"line":2,"column":62}},"3":{"start":{"line":3,"column":13},"end":{"line":3,"column":39}},"4":{"start":{"line":4,"column":16},"end":{"line":4,"column":45}},"5":{"start":{"line":5,"column":16},"end":{"line":5,"column":34}},"6":{"start":{"line":6,"column":0},"end":{"line":13,"column":2}}},"fnMap":{},"branchMap":{},"s":{"0":0,"1":0,"2":0,"3":0,"4":0,"5":0,"6":0},"f":{},"b":{}}
,"c:\\Users\\Marcos\\work\\github\\xcomponent\\Examples\\xc.chat\\webapp\\src\\settings.ts": {"path":"c:\\Users\\Marcos\\work\\github\\xcomponent\\Examples\\xc.chat\\webapp\\src\\settings.ts","statementMap":{"0":{"start":{"line":1,"column":13},"end":{"line":1,"column":42}},"1":{"start":{"line":1,"column":42},"end":{"line":1,"column":55}},"2":{"start":{"line":2,"column":0},"end":{"line":2,"column":62}},"3":{"start":{"line":3,"column":0},"end":{"line":3,"column":38}}},"fnMap":{},"branchMap":{},"s":{"0":0,"1":0,"2":0,"3":0},"f":{},"b":{}}
,"c:\\Users\\Marcos\\work\\github\\xcomponent\\Examples\\xc.chat\\webapp\\src\\store.ts": {"path":"c:\\Users\\Marcos\\work\\github\\xcomponent\\Examples\\xc.chat\\webapp\\src\\store.ts","statementMap":{"0":{"start":{"line":1,"column":13},"end":{"line":1,"column":42}},"1":{"start":{"line":1,"column":42},"end":{"line":1,"column":55}},"2":{"start":{"line":2,"column":0},"end":{"line":2,"column":62}},"3":{"start":{"line":3,"column":20},"end":{"line":3,"column":42}},"4":{"start":{"line":4,"column":14},"end":{"line":4,"column":30}},"5":{"start":{"line":5,"column":0},"end":{"line":17,"column":2}},"6":{"start":{"line":6,"column":22},"end":{"line":8,"column":5}},"7":{"start":{"line":9,"column":4},"end":{"line":13,"column":5}},"8":{"start":{"line":10,"column":27},"end":{"line":10,"column":50}},"9":{"start":{"line":11,"column":21},"end":{"line":11,"column":35}},"10":{"start":{"line":12,"column":8},"end":{"line":12,"column":33}},"11":{"start":{"line":14,"column":16},"end":{"line":14,"column":100}},"12":{"start":{"line":15,"column":4},"end":{"line":15,"column":18}},"13":{"start":{"line":16,"column":4},"end":{"line":16,"column":17}}},"fnMap":{"0":{"name":"(anonymous_0)","decl":{"start":{"line":5,"column":29},"end":{"line":5,"column":30}},"loc":{"start":{"line":5,"column":76},"end":{"line":17,"column":1}},"line":5}},"branchMap":{"0":{"loc":{"start":{"line":9,"column":4},"end":{"line":13,"column":5}},"type":"if","locations":[{"start":{"line":9,"column":4},"end":{"line":13,"column":5}},{"start":{"line":9,"column":4},"end":{"line":13,"column":5}}],"line":9}},"s":{"0":0,"1":0,"2":0,"3":0,"4":0,"5":0,"6":0,"7":0,"8":0,"9":0,"10":0,"11":0,"12":0,"13":0},"f":{"0":0},"b":{"0":[0,0]}}
,"c:\\Users\\Marcos\\work\\github\\xcomponent\\Examples\\xc.chat\\webapp\\src\\xcomponent.ts": {"path":"c:\\Users\\Marcos\\work\\github\\xcomponent\\Examples\\xc.chat\\webapp\\src\\xcomponent.ts","statementMap":{"0":{"start":{"line":1,"column":13},"end":{"line":1,"column":42}},"1":{"start":{"line":1,"column":42},"end":{"line":1,"column":55}},"2":{"start":{"line":2,"column":0},"end":{"line":2,"column":62}},"3":{"start":{"line":3,"column":16},"end":{"line":3,"column":40}},"4":{"start":{"line":4,"column":30},"end":{"line":4,"column":62}},"5":{"start":{"line":5,"column":17},"end":{"line":5,"column":36}},"6":{"start":{"line":6,"column":30},"end":{"line":6,"column":62}},"7":{"start":{"line":7,"column":0},"end":{"line":7,"column":121}},"8":{"start":{"line":8,"column":0},"end":{"line":8,"column":87}},"9":{"start":{"line":10,"column":13},"end":{"line":13,"column":1}},"10":{"start":{"line":11,"column":4},"end":{"line":11,"column":90}},"11":{"start":{"line":12,"column":4},"end":{"line":12,"column":93}},"12":{"start":{"line":14,"column":0},"end":{"line":19,"column":2}},"13":{"start":{"line":15,"column":4},"end":{"line":17,"column":5}},"14":{"start":{"line":16,"column":8},"end":{"line":16,"column":37}},"15":{"start":{"line":18,"column":4},"end":{"line":18,"column":19}}},"fnMap":{"0":{"name":"(anonymous_0)","decl":{"start":{"line":10,"column":13},"end":{"line":10,"column":14}},"loc":{"start":{"line":10,"column":35},"end":{"line":13,"column":1}},"line":10},"1":{"name":"(anonymous_1)","decl":{"start":{"line":14,"column":25},"end":{"line":14,"column":26}},"loc":{"start":{"line":14,"column":47},"end":{"line":19,"column":1}},"line":14}},"branchMap":{"0":{"loc":{"start":{"line":15,"column":4},"end":{"line":17,"column":5}},"type":"if","locations":[{"start":{"line":15,"column":4},"end":{"line":17,"column":5}},{"start":{"line":15,"column":4},"end":{"line":17,"column":5}}],"line":15}},"s":{"0":0,"1":0,"2":0,"3":0,"4":0,"5":0,"6":0,"7":0,"8":0,"9":0,"10":0,"11":0,"12":0,"13":0,"14":0,"15":0},"f":{"0":0,"1":0},"b":{"0":[0,0]}}
,"c:\\Users\\Marcos\\work\\github\\xcomponent\\Examples\\xc.chat\\webapp\\src\\actions\\navigation.ts": {"path":"c:\\Users\\Marcos\\work\\github\\xcomponent\\Examples\\xc.chat\\webapp\\src\\actions\\navigation.ts","statementMap":{"0":{"start":{"line":1,"column":13},"end":{"line":1,"column":42}},"1":{"start":{"line":1,"column":42},"end":{"line":1,"column":55}},"2":{"start":{"line":2,"column":0},"end":{"line":2,"column":62}},"3":{"start":{"line":3,"column":0},"end":{"line":3,"column":38}},"4":{"start":{"line":4,"column":0},"end":{"line":4,"column":40}},"5":{"start":{"line":5,"column":0},"end":{"line":11,"column":2}},"6":{"start":{"line":6,"column":4},"end":{"line":10,"column":6}},"7":{"start":{"line":12,"column":0},"end":{"line":18,"column":2}},"8":{"start":{"line":13,"column":4},"end":{"line":17,"column":6}}},"fnMap":{"0":{"name":"(anonymous_0)","decl":{"start":{"line":5,"column":22},"end":{"line":5,"column":23}},"loc":{"start":{"line":5,"column":45},"end":{"line":11,"column":1}},"line":5},"1":{"name":"(anonymous_1)","decl":{"start":{"line":12,"column":23},"end":{"line":12,"column":24}},"loc":{"start":{"line":12,"column":45},"end":{"line":18,"column":1}},"line":12}},"branchMap":{},"s":{"0":0,"1":0,"2":0,"3":0,"4":0,"5":0,"6":0,"7":0,"8":0},"f":{"0":0,"1":0},"b":{}}
,"c:\\Users\\Marcos\\work\\github\\xcomponent\\Examples\\xc.chat\\webapp\\src\\actions\\rooms.ts": {"path":"c:\\Users\\Marcos\\work\\github\\xcomponent\\Examples\\xc.chat\\webapp\\src\\actions\\rooms.ts","statementMap":{"0":{"start":{"line":1,"column":13},"end":{"line":1,"column":42}},"1":{"start":{"line":1,"column":42},"end":{"line":1,"column":55}},"2":{"start":{"line":2,"column":0},"end":{"line":2,"column":62}},"3":{"start":{"line":3,"column":22},"end":{"line":3,"column":46}},"4":{"start":{"line":4,"column":0},"end":{"line":4,"column":42}},"5":{"start":{"line":5,"column":0},"end":{"line":5,"column":48}},"6":{"start":{"line":6,"column":0},"end":{"line":6,"column":48}},"7":{"start":{"line":7,"column":0},"end":{"line":7,"column":48}},"8":{"start":{"line":8,"column":0},"end":{"line":8,"column":40}},"9":{"start":{"line":9,"column":0},"end":{"line":16,"column":2}},"10":{"start":{"line":10,"column":4},"end":{"line":15,"column":6}},"11":{"start":{"line":17,"column":0},"end":{"line":22,"column":2}},"12":{"start":{"line":18,"column":4},"end":{"line":21,"column":6}},"13":{"start":{"line":19,"column":8},"end":{"line":19,"column":63}},"14":{"start":{"line":20,"column":8},"end":{"line":20,"column":60}},"15":{"start":{"line":23,"column":0},"end":{"line":29,"column":2}},"16":{"start":{"line":24,"column":4},"end":{"line":28,"column":6}},"17":{"start":{"line":30,"column":0},"end":{"line":35,"column":2}},"18":{"start":{"line":31,"column":4},"end":{"line":34,"column":6}},"19":{"start":{"line":36,"column":0},"end":{"line":41,"column":2}},"20":{"start":{"line":37,"column":4},"end":{"line":40,"column":6}},"21":{"start":{"line":42,"column":0},"end":{"line":50,"column":2}},"22":{"start":{"line":43,"column":4},"end":{"line":49,"column":6}}},"fnMap":{"0":{"name":"(anonymous_0)","decl":{"start":{"line":9,"column":28},"end":{"line":9,"column":29}},"loc":{"start":{"line":9,"column":57},"end":{"line":16,"column":1}},"line":9},"1":{"name":"(anonymous_1)","decl":{"start":{"line":17,"column":23},"end":{"line":17,"column":24}},"loc":{"start":{"line":17,"column":52},"end":{"line":22,"column":1}},"line":17},"2":{"name":"(anonymous_2)","decl":{"start":{"line":18,"column":11},"end":{"line":18,"column":12}},"loc":{"start":{"line":18,"column":31},"end":{"line":21,"column":5}},"line":18},"3":{"name":"(anonymous_3)","decl":{"start":{"line":23,"column":23},"end":{"line":23,"column":24}},"loc":{"start":{"line":23,"column":58},"end":{"line":29,"column":1}},"line":23},"4":{"name":"(anonymous_4)","decl":{"start":{"line":30,"column":26},"end":{"line":30,"column":27}},"loc":{"start":{"line":30,"column":46},"end":{"line":35,"column":1}},"line":30},"5":{"name":"(anonymous_5)","decl":{"start":{"line":36,"column":26},"end":{"line":36,"column":27}},"loc":{"start":{"line":36,"column":46},"end":{"line":41,"column":1}},"line":36},"6":{"name":"(anonymous_6)","decl":{"start":{"line":42,"column":26},"end":{"line":42,"column":27}},"loc":{"start":{"line":42,"column":67},"end":{"line":50,"column":1}},"line":42}},"branchMap":{},"s":{"0":0,"1":0,"2":0,"3":0,"4":0,"5":0,"6":0,"7":0,"8":0,"9":0,"10":0,"11":0,"12":0,"13":0,"14":0,"15":0,"16":0,"17":0,"18":0,"19":0,"20":0,"21":0,"22":0},"f":{"0":0,"1":0,"2":0,"3":0,"4":0,"5":0,"6":0},"b":{}}
,"c:\\Users\\Marcos\\work\\github\\xcomponent\\Examples\\xc.chat\\webapp\\src\\actions\\route.ts": {"path":"c:\\Users\\Marcos\\work\\github\\xcomponent\\Examples\\xc.chat\\webapp\\src\\actions\\route.ts","statementMap":{"0":{"start":{"line":1,"column":13},"end":{"line":1,"column":42}},"1":{"start":{"line":1,"column":42},"end":{"line":1,"column":55}},"2":{"start":{"line":2,"column":0},"end":{"line":2,"column":62}},"3":{"start":{"line":3,"column":0},"end":{"line":3,"column":28}},"4":{"start":{"line":4,"column":0},"end":{"line":6,"column":2}},"5":{"start":{"line":5,"column":4},"end":{"line":5,"column":35}}},"fnMap":{"0":{"name":"(anonymous_0)","decl":{"start":{"line":4,"column":23},"end":{"line":4,"column":24}},"loc":{"start":{"line":4,"column":43},"end":{"line":6,"column":1}},"line":4},"1":{"name":"(anonymous_1)","decl":{"start":{"line":5,"column":11},"end":{"line":5,"column":12}},"loc":{"start":{"line":5,"column":31},"end":{"line":5,"column":34}},"line":5}},"branchMap":{},"s":{"0":0,"1":0,"2":0,"3":0,"4":0,"5":0},"f":{"0":0,"1":0},"b":{}}
,"c:\\Users\\Marcos\\work\\github\\xcomponent\\Examples\\xc.chat\\webapp\\src\\locales\\localeConfiguration.ts": {"path":"c:\\Users\\Marcos\\work\\github\\xcomponent\\Examples\\xc.chat\\webapp\\src\\locales\\localeConfiguration.ts","statementMap":{"0":{"start":{"line":1,"column":13},"end":{"line":1,"column":42}},"1":{"start":{"line":1,"column":42},"end":{"line":1,"column":55}},"2":{"start":{"line":2,"column":0},"end":{"line":2,"column":62}},"3":{"start":{"line":3,"column":19},"end":{"line":3,"column":40}},"4":{"start":{"line":4,"column":17},"end":{"line":4,"column":45}},"5":{"start":{"line":5,"column":9},"end":{"line":5,"column":45}},"6":{"start":{"line":6,"column":9},"end":{"line":6,"column":45}},"7":{"start":{"line":7,"column":0},"end":{"line":13,"column":2}},"8":{"start":{"line":8,"column":4},"end":{"line":8,"column":46}},"9":{"start":{"line":9,"column":19},"end":{"line":9,"column":37}},"10":{"start":{"line":10,"column":36},"end":{"line":10,"column":76}},"11":{"start":{"line":11,"column":19},"end":{"line":11,"column":97}},"12":{"start":{"line":12,"column":4},"end":{"line":12,"column":20}}},"fnMap":{"0":{"name":"(anonymous_0)","decl":{"start":{"line":7,"column":32},"end":{"line":7,"column":33}},"loc":{"start":{"line":7,"column":44},"end":{"line":13,"column":1}},"line":7}},"branchMap":{"0":{"loc":{"start":{"line":11,"column":19},"end":{"line":11,"column":97}},"type":"binary-expr","locations":[{"start":{"line":11,"column":19},"end":{"line":11,"column":56}},{"start":{"line":11,"column":60},"end":{"line":11,"column":80}},{"start":{"line":11,"column":84},"end":{"line":11,"column":97}}],"line":11}},"s":{"0":0,"1":0,"2":0,"3":0,"4":0,"5":0,"6":0,"7":0,"8":0,"9":0,"10":0,"11":0,"12":0},"f":{"0":0},"b":{"0":[0,0,0]}}
,"c:\\Users\\Marcos\\work\\github\\xcomponent\\Examples\\xc.chat\\webapp\\src\\reducers\\navigation.ts": {"path":"c:\\Users\\Marcos\\work\\github\\xcomponent\\Examples\\xc.chat\\webapp\\src\\reducers\\navigation.ts","statementMap":{"0":{"start":{"line":1,"column":13},"end":{"line":1,"column":42}},"1":{"start":{"line":1,"column":42},"end":{"line":1,"column":55}},"2":{"start":{"line":2,"column":15},"end":{"line":9,"column":1}},"3":{"start":{"line":3,"column":4},"end":{"line":7,"column":5}},"4":{"start":{"line":4,"column":8},"end":{"line":4,"column":25}},"5":{"start":{"line":5,"column":8},"end":{"line":6,"column":24}},"6":{"start":{"line":5,"column":25},"end":{"line":6,"column":24}},"7":{"start":{"line":6,"column":12},"end":{"line":6,"column":24}},"8":{"start":{"line":8,"column":4},"end":{"line":8,"column":13}},"9":{"start":{"line":10,"column":0},"end":{"line":10,"column":62}},"10":{"start":{"line":11,"column":16},"end":{"line":11,"column":34}},"11":{"start":{"line":12,"column":0},"end":{"line":22,"column":2}},"12":{"start":{"line":13,"column":4},"end":{"line":13,"column":77}},"13":{"start":{"line":13,"column":28},"end":{"line":13,"column":75}},"14":{"start":{"line":14,"column":4},"end":{"line":21,"column":5}},"15":{"start":{"line":16,"column":12},"end":{"line":16,"column":66}},"16":{"start":{"line":18,"column":12},"end":{"line":18,"column":78}},"17":{"start":{"line":20,"column":12},"end":{"line":20,"column":25}}},"fnMap":{"0":{"name":"(anonymous_0)","decl":{"start":{"line":2,"column":59},"end":{"line":2,"column":60}},"loc":{"start":{"line":2,"column":71},"end":{"line":9,"column":1}},"line":2},"1":{"name":"(anonymous_1)","decl":{"start":{"line":12,"column":21},"end":{"line":12,"column":22}},"loc":{"start":{"line":12,"column":46},"end":{"line":22,"column":1}},"line":12}},"branchMap":{"0":{"loc":{"start":{"line":2,"column":15},"end":{"line":9,"column":1}},"type":"binary-expr","locations":[{"start":{"line":2,"column":16},"end":{"line":2,"column":20}},{"start":{"line":2,"column":24},"end":{"line":2,"column":37}},{"start":{"line":2,"column":42},"end":{"line":2,"column":55}},{"start":{"line":2,"column":59},"end":{"line":9,"column":1}}],"line":2},"1":{"loc":{"start":{"line":5,"column":25},"end":{"line":6,"column":24}},"type":"if","locations":[{"start":{"line":5,"column":25},"end":{"line":6,"column":24}},{"start":{"line":5,"column":25},"end":{"line":6,"column":24}}],"line":5},"2":{"loc":{"start":{"line":13,"column":4},"end":{"line":13,"column":77}},"type":"if","locations":[{"start":{"line":13,"column":4},"end":{"line":13,"column":77}},{"start":{"line":13,"column":4},"end":{"line":13,"column":77}}],"line":13},"3":{"loc":{"start":{"line":14,"column":4},"end":{"line":21,"column":5}},"type":"switch","locations":[{"start":{"line":15,"column":8},"end":{"line":16,"column":66}},{"start":{"line":17,"column":8},"end":{"line":18,"column":78}},{"start":{"line":19,"column":8},"end":{"line":20,"column":25}}],"line":14}},"s":{"0":0,"1":0,"2":0,"3":0,"4":0,"5":0,"6":0,"7":0,"8":0,"9":0,"10":0,"11":0,"12":0,"13":0,"14":0,"15":0,"16":0,"17":0},"f":{"0":0,"1":0},"b":{"0":[0,0,0,0],"1":[0,0],"2":[0,0],"3":[0,0,0]}}
,"c:\\Users\\Marcos\\work\\github\\xcomponent\\Examples\\xc.chat\\webapp\\src\\reducers\\rooms.ts": {"path":"c:\\Users\\Marcos\\work\\github\\xcomponent\\Examples\\xc.chat\\webapp\\src\\reducers\\rooms.ts","statementMap":{"0":{"start":{"line":1,"column":13},"end":{"line":1,"column":42}},"1":{"start":{"line":1,"column":42},"end":{"line":1,"column":55}},"2":{"start":{"line":2,"column":15},"end":{"line":9,"column":1}},"3":{"start":{"line":3,"column":4},"end":{"line":7,"column":5}},"4":{"start":{"line":4,"column":8},"end":{"line":4,"column":25}},"5":{"start":{"line":5,"column":8},"end":{"line":6,"column":24}},"6":{"start":{"line":5,"column":25},"end":{"line":6,"column":24}},"7":{"start":{"line":6,"column":12},"end":{"line":6,"column":24}},"8":{"start":{"line":8,"column":4},"end":{"line":8,"column":13}},"9":{"start":{"line":10,"column":0},"end":{"line":10,"column":62}},"10":{"start":{"line":11,"column":16},"end":{"line":11,"column":34}},"11":{"start":{"line":12,"column":0},"end":{"line":51,"column":2}},"12":{"start":{"line":13,"column":4},"end":{"line":13,"column":150}},"13":{"start":{"line":13,"column":28},"end":{"line":13,"column":148}},"14":{"start":{"line":14,"column":4},"end":{"line":50,"column":5}},"15":{"start":{"line":16,"column":34},"end":{"line":16,"column":40}},"16":{"start":{"line":17,"column":12},"end":{"line":23,"column":13}},"17":{"start":{"line":17,"column":62},"end":{"line":17,"column":108}},"18":{"start":{"line":18,"column":30},"end":{"line":18,"column":106}},"19":{"start":{"line":19,"column":16},"end":{"line":19,"column":168}},"20":{"start":{"line":22,"column":16},"end":{"line":22,"column":29}},"21":{"start":{"line":25,"column":37},"end":{"line":25,"column":43}},"22":{"start":{"line":26,"column":36},"end":{"line":26,"column":137}},"23":{"start":{"line":26,"column":85},"end":{"line":26,"column":134}},"24":{"start":{"line":27,"column":31},"end":{"line":27,"column":137}},"25":{"start":{"line":28,"column":12},"end":{"line":28,"column":73}},"26":{"start":{"line":30,"column":37},"end":{"line":30,"column":43}},"27":{"start":{"line":31,"column":12},"end":{"line":36,"column":13}},"28":{"start":{"line":32,"column":16},"end":{"line":32,"column":29}},"29":{"start":{"line":35,"column":16},"end":{"line":35,"column":191}},"30":{"start":{"line":35,"column":112},"end":{"line":35,"column":170}},"31":{"start":{"line":38,"column":33},"end":{"line":38,"column":39}},"32":{"start":{"line":39,"column":12},"end":{"line":44,"column":13}},"33":{"start":{"line":40,"column":16},"end":{"line":40,"column":188}},"34":{"start":{"line":43,"column":16},"end":{"line":43,"column":29}},"35":{"start":{"line":46,"column":32},"end":{"line":46,"column":38}},"36":{"start":{"line":47,"column":12},"end":{"line":47,"column":137}},"37":{"start":{"line":49,"column":12},"end":{"line":49,"column":25}}},"fnMap":{"0":{"name":"(anonymous_0)","decl":{"start":{"line":2,"column":59},"end":{"line":2,"column":60}},"loc":{"start":{"line":2,"column":71},"end":{"line":9,"column":1}},"line":2},"1":{"name":"(anonymous_1)","decl":{"start":{"line":12,"column":16},"end":{"line":12,"column":17}},"loc":{"start":{"line":12,"column":41},"end":{"line":51,"column":1}},"line":12},"2":{"name":"(anonymous_2)","decl":{"start":{"line":17,"column":44},"end":{"line":17,"column":45}},"loc":{"start":{"line":17,"column":60},"end":{"line":17,"column":110}},"line":17},"3":{"name":"(anonymous_3)","decl":{"start":{"line":26,"column":67},"end":{"line":26,"column":68}},"loc":{"start":{"line":26,"column":83},"end":{"line":26,"column":136}},"line":26},"4":{"name":"(anonymous_4)","decl":{"start":{"line":35,"column":85},"end":{"line":35,"column":86}},"loc":{"start":{"line":35,"column":110},"end":{"line":35,"column":172}},"line":35}},"branchMap":{"0":{"loc":{"start":{"line":2,"column":15},"end":{"line":9,"column":1}},"type":"binary-expr","locations":[{"start":{"line":2,"column":16},"end":{"line":2,"column":20}},{"start":{"line":2,"column":24},"end":{"line":2,"column":37}},{"start":{"line":2,"column":42},"end":{"line":2,"column":55}},{"start":{"line":2,"column":59},"end":{"line":9,"column":1}}],"line":2},"1":{"loc":{"start":{"line":5,"column":25},"end":{"line":6,"column":24}},"type":"if","locations":[{"start":{"line":5,"column":25},"end":{"line":6,"column":24}},{"start":{"line":5,"column":25},"end":{"line":6,"column":24}}],"line":5},"2":{"loc":{"start":{"line":13,"column":4},"end":{"line":13,"column":150}},"type":"if","locations":[{"start":{"line":13,"column":4},"end":{"line":13,"column":150}},{"start":{"line":13,"column":4},"end":{"line":13,"column":150}}],"line":13},"3":{"loc":{"start":{"line":14,"column":4},"end":{"line":50,"column":5}},"type":"switch","locations":[{"start":{"line":15,"column":8},"end":{"line":23,"column":13}},{"start":{"line":24,"column":8},"end":{"line":28,"column":73}},{"start":{"line":29,"column":8},"end":{"line":36,"column":13}},{"start":{"line":37,"column":8},"end":{"line":44,"column":13}},{"start":{"line":45,"column":8},"end":{"line":47,"column":137}},{"start":{"line":48,"column":8},"end":{"line":49,"column":25}}],"line":14},"4":{"loc":{"start":{"line":17,"column":12},"end":{"line":23,"column":13}},"type":"if","locations":[{"start":{"line":17,"column":12},"end":{"line":23,"column":13}},{"start":{"line":17,"column":12},"end":{"line":23,"column":13}}],"line":17},"5":{"loc":{"start":{"line":19,"column":115},"end":{"line":19,"column":164}},"type":"cond-expr","locations":[{"start":{"line":19,"column":136},"end":{"line":19,"column":154}},{"start":{"line":19,"column":157},"end":{"line":19,"column":164}}],"line":19},"6":{"loc":{"start":{"line":31,"column":12},"end":{"line":36,"column":13}},"type":"if","locations":[{"start":{"line":31,"column":12},"end":{"line":36,"column":13}},{"start":{"line":31,"column":12},"end":{"line":36,"column":13}}],"line":31},"7":{"loc":{"start":{"line":31,"column":16},"end":{"line":31,"column":102}},"type":"binary-expr","locations":[{"start":{"line":31,"column":16},"end":{"line":31,"column":43}},{"start":{"line":31,"column":47},"end":{"line":31,"column":102}}],"line":31},"8":{"loc":{"start":{"line":39,"column":12},"end":{"line":44,"column":13}},"type":"if","locations":[{"start":{"line":39,"column":12},"end":{"line":44,"column":13}},{"start":{"line":39,"column":12},"end":{"line":44,"column":13}}],"line":39},"9":{"loc":{"start":{"line":39,"column":16},"end":{"line":39,"column":94}},"type":"binary-expr","locations":[{"start":{"line":39,"column":16},"end":{"line":39,"column":43}},{"start":{"line":39,"column":47},"end":{"line":39,"column":94}}],"line":39}},"s":{"0":0,"1":0,"2":0,"3":0,"4":0,"5":0,"6":0,"7":0,"8":0,"9":0,"10":0,"11":0,"12":0,"13":0,"14":0,"15":0,"16":0,"17":0,"18":0,"19":0,"20":0,"21":0,"22":0,"23":0,"24":0,"25":0,"26":0,"27":0,"28":0,"29":0,"30":0,"31":0,"32":0,"33":0,"34":0,"35":0,"36":0,"37":0},"f":{"0":0,"1":0,"2":0,"3":0,"4":0},"b":{"0":[0,0,0,0],"1":[0,0],"2":[0,0],"3":[0,0,0,0,0,0],"4":[0,0],"5":[0,0],"6":[0,0],"7":[0,0],"8":[0,0],"9":[0,0]}}
,"c:\\Users\\Marcos\\work\\github\\xcomponent\\Examples\\xc.chat\\webapp\\src\\reducers\\xcomponentChat.ts": {"path":"c:\\Users\\Marcos\\work\\github\\xcomponent\\Examples\\xc.chat\\webapp\\src\\reducers\\xcomponentChat.ts","statementMap":{"0":{"start":{"line":1,"column":13},"end":{"line":1,"column":42}},"1":{"start":{"line":1,"column":42},"end":{"line":1,"column":55}},"2":{"start":{"line":2,"column":0},"end":{"line":2,"column":62}},"3":{"start":{"line":3,"column":14},"end":{"line":3,"column":30}},"4":{"start":{"line":4,"column":19},"end":{"line":4,"column":49}},"5":{"start":{"line":5,"column":14},"end":{"line":5,"column":39}},"6":{"start":{"line":6,"column":0},"end":{"line":9,"column":3}}},"fnMap":{},"branchMap":{},"s":{"0":0,"1":0,"2":0,"3":0,"4":0,"5":0,"6":0},"f":{},"b":{}}
}
